<?xml version="1.0" encoding="UTF-8"?>
<!-- Generated by org.testng.reporters.JUnitReportReporter -->
<testsuite skipped="0" hostname="DESKTOP-KG1G495" name="testCases.Tc_DataFromEXCEL" tests="7" failures="0" timestamp="20 Sep 2018 10:13:31 GMT" time="75.221" errors="0">
  <testcase name="LoadBrowser" time="3.622" classname="testCases.Tc_DataFromEXCEL"/>
  <testcase name="LoadingURLFromEXCEL" time="3.838" classname="testCases.Tc_DataFromEXCEL"/>
  <testcase name="LoginToApp" time="47.900" classname="testCases.Tc_DataFromEXCEL"/>
  <testcase name="Flight_Details" time="1.448" classname="testCases.Tc_DataFromEXCEL"/>
  <testcase name="SelectingFlights" time="1.727" classname="testCases.Tc_DataFromEXCEL"/>
  <testcase name="PassengerDetails" time="16.004" classname="testCases.Tc_DataFromEXCEL"/>
  <testcase name="quitAll" time="0.682" classname="testCases.Tc_DataFromEXCEL"/>
</testsuite> <!-- testCases.Tc_DataFromEXCEL -->
