<?xml version="1.0" encoding="UTF-8"?>
<!-- Generated by org.testng.reporters.JUnitReportReporter -->
<testsuite skipped="0" hostname="DESKTOP-KG1G495" name="testCases.TC_EndToEnd" tests="5" failures="0" timestamp="10 Sep 2018 12:17:58 GMT" time="16.774" errors="0">
  <testcase name="BrowserInvoke" time="9.538" classname="testCases.TC_EndToEnd"/>
  <testcase name="LogginOperation" time="2.768" classname="testCases.TC_EndToEnd"/>
  <testcase name="ContinueToFlightOptions" time="0.792" classname="testCases.TC_EndToEnd"/>
  <testcase name="DepartingCitySelect" time="1.409" classname="testCases.TC_EndToEnd"/>
  <testcase name="PassengerDEtails" time="2.267" classname="testCases.TC_EndToEnd"/>
</testsuite> <!-- testCases.TC_EndToEnd -->
